<?xml version="1.0" encoding="UTF-8"?>
<testng-results skipped="0" failed="0" ignored="0" total="1" passed="1">
  <reporter-output>
  </reporter-output>
  <suite name="Default suite" duration-ms="26019" started-at="2021-08-10T15:18:26 IST" finished-at="2021-08-10T15:18:52 IST">
    <groups>
    </groups>
    <test name="Default test" duration-ms="26019" started-at="2021-08-10T15:18:26 IST" finished-at="2021-08-10T15:18:52 IST">
      <class name="FreshHRMProjectTestCasesNew.HrmFreshprojHomeTestNew">
        <test-method status="PASS" signature="setUp()[pri:0, instance:FreshHRMProjectTestCasesNew.HrmFreshprojHomeTestNew@3043fe0e]" name="setUp" is-config="true" duration-ms="5687" started-at="2021-08-10T15:18:26 IST" finished-at="2021-08-10T15:18:32 IST">
          <reporter-output>
          </reporter-output>
        </test-method> <!-- setUp -->
        <test-method status="PASS" signature="AdminTab()[pri:0, instance:FreshHRMProjectTestCasesNew.HrmFreshprojHomeTestNew@3043fe0e]" name="AdminTab" duration-ms="20196" started-at="2021-08-10T15:18:32 IST" finished-at="2021-08-10T15:18:52 IST">
          <reporter-output>
          </reporter-output>
        </test-method> <!-- AdminTab -->
        <test-method status="PASS" signature="tearDown()[pri:0, instance:FreshHRMProjectTestCasesNew.HrmFreshprojHomeTestNew@3043fe0e]" name="tearDown" is-config="true" duration-ms="103" started-at="2021-08-10T15:18:52 IST" finished-at="2021-08-10T15:18:52 IST">
          <reporter-output>
          </reporter-output>
        </test-method> <!-- tearDown -->
      </class> <!-- FreshHRMProjectTestCasesNew.HrmFreshprojHomeTestNew -->
    </test> <!-- Default test -->
  </suite> <!-- Default suite -->
</testng-results>
